[2026-03-13 16:05:45.227] [Plot] enabled=1 show=1 save=1
[2026-03-13 16:05:45.306] [Plot] Generating convergence_curves.
[2026-03-13 16:05:51.395] [Plot] saved: D:\project\科研\metaopt_cec_lungct_project\src\benchmark\cec_runner\..\..\..\results\cec2017\20260313_160319\figures\convergence_curves\D10\convergence_cec2017_D10_F1.png
[2026-03-13 16:05:53.969] [Plot] saved: D:\project\科研\metaopt_cec_lungct_project\src\benchmark\cec_runner\..\..\..\results\cec2017\20260313_160319\figures\convergence_curves\D10\convergence_cec2017_D10_F2.png
[2026-03-13 16:05:56.227] [Plot] saved: D:\project\科研\metaopt_cec_lungct_project\src\benchmark\cec_runner\..\..\..\results\cec2017\20260313_160319\figures\convergence_curves\D10\convergence_cec2017_D10_F3.png
[2026-03-13 16:05:57.824] [Plot] saved: D:\project\科研\metaopt_cec_lungct_project\src\benchmark\cec_runner\..\..\..\results\cec2017\20260313_160319\figures\convergence_curves\D10\convergence_cec2017_D10_F4.png
[2026-03-13 16:05:59.988] [Plot] saved: D:\project\科研\metaopt_cec_lungct_project\src\benchmark\cec_runner\..\..\..\results\cec2017\20260313_160319\figures\convergence_curves\D10\convergence_cec2017_D10_F5.png
[2026-03-13 16:06:01.939] [Plot] saved: D:\project\科研\metaopt_cec_lungct_project\src\benchmark\cec_runner\..\..\..\results\cec2017\20260313_160319\figures\convergence_curves\D10\convergence_cec2017_D10_F6.png
[2026-03-13 16:06:03.874] [Plot] saved: D:\project\科研\metaopt_cec_lungct_project\src\benchmark\cec_runner\..\..\..\results\cec2017\20260313_160319\figures\convergence_curves\D10\convergence_cec2017_D10_F7.png
[2026-03-13 16:06:05.596] [Plot] saved: D:\project\科研\metaopt_cec_lungct_project\src\benchmark\cec_runner\..\..\..\results\cec2017\20260313_160319\figures\convergence_curves\D10\convergence_cec2017_D10_F8.png
[2026-03-13 16:06:07.406] [Plot] saved: D:\project\科研\metaopt_cec_lungct_project\src\benchmark\cec_runner\..\..\..\results\cec2017\20260313_160319\figures\convergence_curves\D10\convergence_cec2017_D10_F9.png
[2026-03-13 16:06:08.834] [Plot] saved: D:\project\科研\metaopt_cec_lungct_project\src\benchmark\cec_runner\..\..\..\results\cec2017\20260313_160319\figures\convergence_curves\D10\convergence_cec2017_D10_F10.png
[2026-03-13 16:06:10.820] [Plot] saved: D:\project\科研\metaopt_cec_lungct_project\src\benchmark\cec_runner\..\..\..\results\cec2017\20260313_160319\figures\convergence_curves\D10\convergence_cec2017_D10_F11.png
[2026-03-13 16:06:12.507] [Plot] saved: D:\project\科研\metaopt_cec_lungct_project\src\benchmark\cec_runner\..\..\..\results\cec2017\20260313_160319\figures\convergence_curves\D10\convergence_cec2017_D10_F12.png
[2026-03-13 16:06:14.056] [Plot] saved: D:\project\科研\metaopt_cec_lungct_project\src\benchmark\cec_runner\..\..\..\results\cec2017\20260313_160319\figures\convergence_curves\D10\convergence_cec2017_D10_F13.png
[2026-03-13 16:06:15.600] [Plot] saved: D:\project\科研\metaopt_cec_lungct_project\src\benchmark\cec_runner\..\..\..\results\cec2017\20260313_160319\figures\convergence_curves\D10\convergence_cec2017_D10_F14.png
[2026-03-13 16:06:16.798] [Plot] saved: D:\project\科研\metaopt_cec_lungct_project\src\benchmark\cec_runner\..\..\..\results\cec2017\20260313_160319\figures\convergence_curves\D10\convergence_cec2017_D10_F15.png
[2026-03-13 16:06:24.374] [Plot] saved: D:\project\科研\metaopt_cec_lungct_project\src\benchmark\cec_runner\..\..\..\results\cec2017\20260313_160319\figures\convergence_curves\D10\convergence_cec2017_D10_F16.png
[2026-03-13 16:06:25.578] [Plot] saved: D:\project\科研\metaopt_cec_lungct_project\src\benchmark\cec_runner\..\..\..\results\cec2017\20260313_160319\figures\convergence_curves\D10\convergence_cec2017_D10_F17.png
[2026-03-13 16:06:26.814] [Plot] saved: D:\project\科研\metaopt_cec_lungct_project\src\benchmark\cec_runner\..\..\..\results\cec2017\20260313_160319\figures\convergence_curves\D10\convergence_cec2017_D10_F18.png
[2026-03-13 16:06:28.470] [Plot] saved: D:\project\科研\metaopt_cec_lungct_project\src\benchmark\cec_runner\..\..\..\results\cec2017\20260313_160319\figures\convergence_curves\D10\convergence_cec2017_D10_F19.png
[2026-03-13 16:06:29.266] [Plot] saved: D:\project\科研\metaopt_cec_lungct_project\src\benchmark\cec_runner\..\..\..\results\cec2017\20260313_160319\figures\convergence_curves\D10\convergence_cec2017_D10_F20.png
[2026-03-13 16:06:30.819] [Plot] saved: D:\project\科研\metaopt_cec_lungct_project\src\benchmark\cec_runner\..\..\..\results\cec2017\20260313_160319\figures\convergence_curves\D10\convergence_cec2017_D10_F21.png
[2026-03-13 16:06:31.593] [Plot] saved: D:\project\科研\metaopt_cec_lungct_project\src\benchmark\cec_runner\..\..\..\results\cec2017\20260313_160319\figures\convergence_curves\D10\convergence_cec2017_D10_F22.png
[2026-03-13 16:06:32.846] [Plot] saved: D:\project\科研\metaopt_cec_lungct_project\src\benchmark\cec_runner\..\..\..\results\cec2017\20260313_160319\figures\convergence_curves\D10\convergence_cec2017_D10_F23.png
[2026-03-13 16:06:33.867] [Plot] saved: D:\project\科研\metaopt_cec_lungct_project\src\benchmark\cec_runner\..\..\..\results\cec2017\20260313_160319\figures\convergence_curves\D10\convergence_cec2017_D10_F24.png
[2026-03-13 16:06:34.930] [Plot] saved: D:\project\科研\metaopt_cec_lungct_project\src\benchmark\cec_runner\..\..\..\results\cec2017\20260313_160319\figures\convergence_curves\D10\convergence_cec2017_D10_F25.png
[2026-03-13 16:06:35.819] [Plot] saved: D:\project\科研\metaopt_cec_lungct_project\src\benchmark\cec_runner\..\..\..\results\cec2017\20260313_160319\figures\convergence_curves\D10\convergence_cec2017_D10_F26.png
[2026-03-13 16:06:37.245] [Plot] saved: D:\project\科研\metaopt_cec_lungct_project\src\benchmark\cec_runner\..\..\..\results\cec2017\20260313_160319\figures\convergence_curves\D10\convergence_cec2017_D10_F27.png
[2026-03-13 16:06:38.012] [Plot] saved: D:\project\科研\metaopt_cec_lungct_project\src\benchmark\cec_runner\..\..\..\results\cec2017\20260313_160319\figures\convergence_curves\D10\convergence_cec2017_D10_F28.png
[2026-03-13 16:06:39.692] [Plot] saved: D:\project\科研\metaopt_cec_lungct_project\src\benchmark\cec_runner\..\..\..\results\cec2017\20260313_160319\figures\convergence_curves\D10\convergence_cec2017_D10_F29.png
[2026-03-13 16:06:40.730] [Plot] saved: D:\project\科研\metaopt_cec_lungct_project\src\benchmark\cec_runner\..\..\..\results\cec2017\20260313_160319\figures\convergence_curves\D10\convergence_cec2017_D10_F30.png
[2026-03-13 16:06:40.754] [Plot] Generating boxplots.
[2026-03-13 16:06:42.520] [Plot] saved: D:\project\科研\metaopt_cec_lungct_project\src\benchmark\cec_runner\..\..\..\results\cec2017\20260313_160319\figures\boxplots\D10\boxplot_cec2017_D10_F1.png
[2026-03-13 16:06:43.179] [Plot] saved: D:\project\科研\metaopt_cec_lungct_project\src\benchmark\cec_runner\..\..\..\results\cec2017\20260313_160319\figures\boxplots\D10\boxplot_cec2017_D10_F2.png
[2026-03-13 16:06:44.704] [Plot] saved: D:\project\科研\metaopt_cec_lungct_project\src\benchmark\cec_runner\..\..\..\results\cec2017\20260313_160319\figures\boxplots\D10\boxplot_cec2017_D10_F3.png
[2026-03-13 16:06:45.614] [Plot] saved: D:\project\科研\metaopt_cec_lungct_project\src\benchmark\cec_runner\..\..\..\results\cec2017\20260313_160319\figures\boxplots\D10\boxplot_cec2017_D10_F4.png
[2026-03-13 16:06:46.787] [Plot] saved: D:\project\科研\metaopt_cec_lungct_project\src\benchmark\cec_runner\..\..\..\results\cec2017\20260313_160319\figures\boxplots\D10\boxplot_cec2017_D10_F5.png
[2026-03-13 16:06:47.432] [Plot] saved: D:\project\科研\metaopt_cec_lungct_project\src\benchmark\cec_runner\..\..\..\results\cec2017\20260313_160319\figures\boxplots\D10\boxplot_cec2017_D10_F6.png
[2026-03-13 16:06:48.628] [Plot] saved: D:\project\科研\metaopt_cec_lungct_project\src\benchmark\cec_runner\..\..\..\results\cec2017\20260313_160319\figures\boxplots\D10\boxplot_cec2017_D10_F7.png
[2026-03-13 16:06:49.279] [Plot] saved: D:\project\科研\metaopt_cec_lungct_project\src\benchmark\cec_runner\..\..\..\results\cec2017\20260313_160319\figures\boxplots\D10\boxplot_cec2017_D10_F8.png
[2026-03-13 16:06:50.836] [Plot] saved: D:\project\科研\metaopt_cec_lungct_project\src\benchmark\cec_runner\..\..\..\results\cec2017\20260313_160319\figures\boxplots\D10\boxplot_cec2017_D10_F9.png
[2026-03-13 16:06:52.167] [Plot] saved: D:\project\科研\metaopt_cec_lungct_project\src\benchmark\cec_runner\..\..\..\results\cec2017\20260313_160319\figures\boxplots\D10\boxplot_cec2017_D10_F10.png
[2026-03-13 16:06:53.489] [Plot] saved: D:\project\科研\metaopt_cec_lungct_project\src\benchmark\cec_runner\..\..\..\results\cec2017\20260313_160319\figures\boxplots\D10\boxplot_cec2017_D10_F11.png
[2026-03-13 16:06:54.201] [Plot] saved: D:\project\科研\metaopt_cec_lungct_project\src\benchmark\cec_runner\..\..\..\results\cec2017\20260313_160319\figures\boxplots\D10\boxplot_cec2017_D10_F12.png
[2026-03-13 16:06:55.976] [Plot] saved: D:\project\科研\metaopt_cec_lungct_project\src\benchmark\cec_runner\..\..\..\results\cec2017\20260313_160319\figures\boxplots\D10\boxplot_cec2017_D10_F13.png
[2026-03-13 16:06:56.773] [Plot] saved: D:\project\科研\metaopt_cec_lungct_project\src\benchmark\cec_runner\..\..\..\results\cec2017\20260313_160319\figures\boxplots\D10\boxplot_cec2017_D10_F14.png
[2026-03-13 16:06:58.854] [Plot] saved: D:\project\科研\metaopt_cec_lungct_project\src\benchmark\cec_runner\..\..\..\results\cec2017\20260313_160319\figures\boxplots\D10\boxplot_cec2017_D10_F15.png
[2026-03-13 16:06:59.710] [Plot] saved: D:\project\科研\metaopt_cec_lungct_project\src\benchmark\cec_runner\..\..\..\results\cec2017\20260313_160319\figures\boxplots\D10\boxplot_cec2017_D10_F16.png
[2026-03-13 16:07:00.912] [Plot] saved: D:\project\科研\metaopt_cec_lungct_project\src\benchmark\cec_runner\..\..\..\results\cec2017\20260313_160319\figures\boxplots\D10\boxplot_cec2017_D10_F17.png
[2026-03-13 16:07:01.708] [Plot] saved: D:\project\科研\metaopt_cec_lungct_project\src\benchmark\cec_runner\..\..\..\results\cec2017\20260313_160319\figures\boxplots\D10\boxplot_cec2017_D10_F18.png
[2026-03-13 16:07:03.933] [Plot] saved: D:\project\科研\metaopt_cec_lungct_project\src\benchmark\cec_runner\..\..\..\results\cec2017\20260313_160319\figures\boxplots\D10\boxplot_cec2017_D10_F19.png
[2026-03-13 16:07:04.809] [Plot] saved: D:\project\科研\metaopt_cec_lungct_project\src\benchmark\cec_runner\..\..\..\results\cec2017\20260313_160319\figures\boxplots\D10\boxplot_cec2017_D10_F20.png
[2026-03-13 16:07:12.591] [Plot] saved: D:\project\科研\metaopt_cec_lungct_project\src\benchmark\cec_runner\..\..\..\results\cec2017\20260313_160319\figures\boxplots\D10\boxplot_cec2017_D10_F21.png
[2026-03-13 16:07:13.308] [Plot] saved: D:\project\科研\metaopt_cec_lungct_project\src\benchmark\cec_runner\..\..\..\results\cec2017\20260313_160319\figures\boxplots\D10\boxplot_cec2017_D10_F22.png
[2026-03-13 16:07:14.801] [Plot] saved: D:\project\科研\metaopt_cec_lungct_project\src\benchmark\cec_runner\..\..\..\results\cec2017\20260313_160319\figures\boxplots\D10\boxplot_cec2017_D10_F23.png
[2026-03-13 16:07:15.411] [Plot] saved: D:\project\科研\metaopt_cec_lungct_project\src\benchmark\cec_runner\..\..\..\results\cec2017\20260313_160319\figures\boxplots\D10\boxplot_cec2017_D10_F24.png
[2026-03-13 16:07:16.634] [Plot] saved: D:\project\科研\metaopt_cec_lungct_project\src\benchmark\cec_runner\..\..\..\results\cec2017\20260313_160319\figures\boxplots\D10\boxplot_cec2017_D10_F25.png
[2026-03-13 16:07:17.280] [Plot] saved: D:\project\科研\metaopt_cec_lungct_project\src\benchmark\cec_runner\..\..\..\results\cec2017\20260313_160319\figures\boxplots\D10\boxplot_cec2017_D10_F26.png
[2026-03-13 16:07:18.823] [Plot] saved: D:\project\科研\metaopt_cec_lungct_project\src\benchmark\cec_runner\..\..\..\results\cec2017\20260313_160319\figures\boxplots\D10\boxplot_cec2017_D10_F27.png
[2026-03-13 16:07:19.432] [Plot] saved: D:\project\科研\metaopt_cec_lungct_project\src\benchmark\cec_runner\..\..\..\results\cec2017\20260313_160319\figures\boxplots\D10\boxplot_cec2017_D10_F28.png
[2026-03-13 16:07:21.116] [Plot] saved: D:\project\科研\metaopt_cec_lungct_project\src\benchmark\cec_runner\..\..\..\results\cec2017\20260313_160319\figures\boxplots\D10\boxplot_cec2017_D10_F29.png
[2026-03-13 16:07:22.313] [Plot] saved: D:\project\科研\metaopt_cec_lungct_project\src\benchmark\cec_runner\..\..\..\results\cec2017\20260313_160319\figures\boxplots\D10\boxplot_cec2017_D10_F30.png
[2026-03-13 16:07:22.326] [Plot] Generating friedman_radar.
[2026-03-13 16:07:23.069] [Plot] saved: D:\project\科研\metaopt_cec_lungct_project\src\benchmark\cec_runner\..\..\..\results\cec2017\20260313_160319\figures\friedman_radar\D10\friedman_cec2017_D10.png
[2026-03-13 16:07:23.085] [Plot] Generating behavior plots.
[2026-03-13 16:07:24.866] [Plot] saved: D:\project\科研\metaopt_cec_lungct_project\src\benchmark\cec_runner\..\..\..\results\cec2017\20260313_160319\figures\mean_fitness\bbo\D10\meanfit_bbo_cec2017_D10_F1.png
[2026-03-13 16:07:25.614] [Plot] saved: D:\project\科研\metaopt_cec_lungct_project\src\benchmark\cec_runner\..\..\..\results\cec2017\20260313_160319\figures\trajectory_first_dim\bbo\D10\traj1d_bbo_cec2017_D10_F1.png
[2026-03-13 16:07:25.632] [Plot] skipped final_population F1: BBO skipped because dim=10
[2026-03-13 16:07:25.642] [Plot] skipped search_process_overview F1: BBO skipped because dim=10
[2026-03-13 16:07:26.878] [Plot] saved: D:\project\科研\metaopt_cec_lungct_project\src\benchmark\cec_runner\..\..\..\results\cec2017\20260313_160319\figures\mean_fitness\bbo\D10\meanfit_bbo_cec2017_D10_F2.png
[2026-03-13 16:07:27.396] [Plot] saved: D:\project\科研\metaopt_cec_lungct_project\src\benchmark\cec_runner\..\..\..\results\cec2017\20260313_160319\figures\trajectory_first_dim\bbo\D10\traj1d_bbo_cec2017_D10_F2.png
[2026-03-13 16:07:27.408] [Plot] skipped final_population F2: BBO skipped because dim=10
[2026-03-13 16:07:27.415] [Plot] skipped search_process_overview F2: BBO skipped because dim=10
[2026-03-13 16:07:29.089] [Plot] saved: D:\project\科研\metaopt_cec_lungct_project\src\benchmark\cec_runner\..\..\..\results\cec2017\20260313_160319\figures\mean_fitness\bbo\D10\meanfit_bbo_cec2017_D10_F3.png
[2026-03-13 16:07:30.222] [Plot] saved: D:\project\科研\metaopt_cec_lungct_project\src\benchmark\cec_runner\..\..\..\results\cec2017\20260313_160319\figures\trajectory_first_dim\bbo\D10\traj1d_bbo_cec2017_D10_F3.png
[2026-03-13 16:07:30.234] [Plot] skipped final_population F3: BBO skipped because dim=10
[2026-03-13 16:07:30.239] [Plot] skipped search_process_overview F3: BBO skipped because dim=10
